[debug] [2022-05-02T07:33:00.510Z] ----------------------------------------------------------------------
[debug] [2022-05-02T07:33:00.514Z] Command:       C:\Program Files\nodejs\node.exe C:\Users\nurte\AppData\Roaming\npm\node_modules\firebase-tools\lib\bin\firebase.js init
[debug] [2022-05-02T07:33:00.514Z] CLI Version:   10.6.0
[debug] [2022-05-02T07:33:00.515Z] Platform:      win32
[debug] [2022-05-02T07:33:00.515Z] Node Version:  v16.14.2
[debug] [2022-05-02T07:33:00.526Z] Time:          Mon May 02 2022 13:33:00 GMT+0600 (Bangladesh Standard Time)
[debug] [2022-05-02T07:33:00.526Z] ----------------------------------------------------------------------
[debug] 
[debug] [2022-05-02T07:33:00.543Z] >>> [apiv2][query] GET https://firebase-public.firebaseio.com/cli.json [none]
[debug] [2022-05-02T07:33:00.669Z] > command requires scopes: ["email","openid","https://www.googleapis.com/auth/cloudplatformprojects.readonly","https://www.googleapis.com/auth/firebase","https://www.googleapis.com/auth/cloud-platform"]
[debug] [2022-05-02T07:33:00.670Z] > authorizing via signed-in user (nurtesla@gmail.com)
[info] 
     ######## #### ########  ######## ########     ###     ######  ########
     ##        ##  ##     ## ##       ##     ##  ##   ##  ##       ##
     ######    ##  ########  ######   ########  #########  ######  ######
     ##        ##  ##    ##  ##       ##     ## ##     ##       ## ##
     ##       #### ##     ## ######## ########  ##     ##  ######  ########

You're about to initialize a Firebase project in this directory:

  D:\GITHUB\My Journey Web\Main\mileston 11 (Backend and Database Intregation)\Assignment\d-valley

[debug] [2022-05-02T07:33:01.993Z] <<< [apiv2][status] GET https://firebase-public.firebaseio.com/cli.json 200
[debug] [2022-05-02T07:33:01.993Z] <<< [apiv2][body] GET https://firebase-public.firebaseio.com/cli.json {"cloudBuildErrorAfter":1594252800000,"cloudBuildWarnAfter":1590019200000,"defaultNode10After":1594252800000,"minVersion":"3.0.5","node8DeploysDisabledAfter":1613390400000,"node8RuntimeDisabledAfter":1615809600000,"node8WarnAfter":1600128000000}
